<?xml version="1.0" encoding="UTF-8"?>
<!-- Generated by org.testng.reporters.JUnitReportReporter -->
<testsuite skipped="0" hostname="CDC2-D-CJBWXJ2" name="testJen.onlineShopping" tests="1" failures="0" timestamp="2019-12-05T13:02:34 IST" time="19.832" errors="0">
  <testcase name="f" time="19.832" classname="testJen.onlineShopping"/>
</testsuite> <!-- testJen.onlineShopping -->
